[debug] [2025-01-11T21:20:10.903Z] ----------------------------------------------------------------------
[debug] [2025-01-11T21:20:10.911Z] Command:       C:\Program Files\nodejs\node.exe C:\Users\glaja\AppData\Roaming\npm\node_modules\firebase-tools\lib\bin\firebase.js init
[debug] [2025-01-11T21:20:10.912Z] CLI Version:   13.29.1
[debug] [2025-01-11T21:20:10.912Z] Platform:      win32
[debug] [2025-01-11T21:20:10.912Z] Node Version:  v20.17.0
[debug] [2025-01-11T21:20:10.912Z] Time:          Sat Jan 11 2025 18:20:10 GMT-0300 (hora estándar de Argentina)
[debug] [2025-01-11T21:20:10.913Z] ----------------------------------------------------------------------
[debug] 
[debug] [2025-01-11T21:20:10.919Z] >>> [apiv2][query] GET https://firebase-public.firebaseio.com/cli.json [none]
[debug] [2025-01-11T21:20:11.171Z] > command requires scopes: ["email","openid","https://www.googleapis.com/auth/cloudplatformprojects.readonly","https://www.googleapis.com/auth/firebase","https://www.googleapis.com/auth/cloud-platform"]
[debug] [2025-01-11T21:20:11.172Z] > authorizing via signed-in user (nahdaicue@gmail.com)
[info] 
     ######## #### ########  ######## ########     ###     ######  ########
     ##        ##  ##     ## ##       ##     ##  ##   ##  ##       ##
     ######    ##  ########  ######   ########  #########  ######  ######
     ##        ##  ##    ##  ##       ##     ## ##     ##       ## ##
     ##       #### ##     ## ######## ########  ##     ##  ######  ########

You're about to initialize a Firebase project in this directory:

  C:\Users\glaja\OneDrive\Escritorio\Proyecto My-porfolio x\FrondEnd

Before we get started, keep in mind:

  * You are initializing within an existing Firebase project directory

